2026-04-21 15:27:41 - INFO - Loading data from ./data/SBM1212.xlsx...
2026-04-21 15:27:41 - INFO - Target: 'New neurological deficits' | Inferred task type: binary
2026-04-21 15:27:41 - INFO - Applying 'temporal' split strategy...
2026-04-21 15:27:41 - INFO - Data split successful: 584 Train, 146 Test
2026-04-21 15:27:41 - INFO - Pre-processing done. Found columns:
  - ID
  - Split
  - Center
  - Date of Birth
  - Sex
  - Age
  - Date of surgery
  - Comorbidities
  - Comorbidities_Hyperlipidemia
  - Comorbidities_Cardiorespiratory
  - Comorbidities_Prior Stroke
  - Comorbidities_Other Tumors
  - Comorbidities_Hypertension
  - Comorbidities_DVT
  - Comorbidities_DM
  - Comorbidities_Obesity
  - Charlson Comorbidity Index
  - ASA
  - Symptoms_Incidental finding
  - Symptoms_Acute onset (1<month)
  - Symptoms_Seizure
  - Symptoms_Headache
  - Symptoms_Motor deficits
  - Symptoms_Aphasia/dysartria
  - Symptoms_CN deficits
  - Symptoms_Nausea/Vomit
  - Symptoms_Visual deficits
  - Symptoms_Cognitive/psychiatrist disorder
  - Symptoms_Hyperprolatinemia
  - Pre-Op KPS
  - Radio_Tumor Location
  - Radio_Tumor side
  - Radio_Pre-Op max_axial_diam_mm
  - Radio_Ventricle involment
  - Radio_Midline shift
  - Radio_Midline shift entity
  - Radio_Calcification
  - Radio_Edema
  - Radio_Dural_tail
  - Radio_Hyperostosis
  - Radio_Bone_invasion
  - Radio_Vessel_encasement
  - Radio_Cystic_necrosis
  - Surgical Approach
  - Surgery_Duration_min
  - Optic Canal invasion
  - Optic nerve/chiasm compression
  - ICA/Syphon involvment
  - ICA compression
  - ICA encasement
  - Cavernous sinus involvement
  - ACA/MCA/PCA involvment
  - MCA compression
  - MCA encasement
  - ACA compression
  - ACA encasement
  - SCA, AICA, PICA involvment
  - Brainstem compression
  - CNs III/IV/VI involvment
  - CNs V/VII/VIII involvment
  - CNs IX, X, XI involvment
  - Simpson Grade
  - EOR
  - Complete asportation
  - WHO grade
  - Complications (Y/N)
  - Complication (number)
  - Systemic infection
  - Wound infection
  - Seizure
  - Hydrocephalus
  - DVT
  - Haematoma
  - Acute respiratory insufficiency
  - Heart failure
  - New Stroke
  - CSF leak
  - Complication treatment
  - ICU (for complication)
  - Single/multiple Organ failure
  - Ibañez complication class
  - Severe complication
  - New neurological deficits
  - Visual deficit
  - Psychiatric syndrome
  - Cognitive Decline
  - Motor Deficits
  - LOS (days)
  - LOS > 4 days
  - LOS > 7 days
  - KPS_discharge
  - PS_Discharge
  - KPS_Discharge Worsened
  - KPS_Discharge Improved
  - complications_30d
  - Clinical_Status_30d
  - Clinical_Status_6m
  - Clinical_Status_12m
  - Notes
  - X
Overall Training Progress:   0%|          | 0/5 [00:00<?, ?model/s]Overall Training Progress:   0%|          | 0/5 [00:00<?, ?model/s, Current Model=hgb]2026-04-21 15:27:42 - INFO - Model hgb selected threshold=0.129 (val recall=0.903, precision=0.298, meets_recall=True)
Overall Training Progress:  20%|██        | 1/5 [00:02<00:11,  2.96s/model, Current Model=hgb]Overall Training Progress:  20%|██        | 1/5 [00:02<00:11,  2.96s/model, Current Model=lr] 2026-04-21 15:27:44 - INFO - Model lr selected threshold=0.347 (val recall=0.903, precision=0.406, meets_recall=True)
Overall Training Progress:  40%|████      | 2/5 [00:05<00:07,  2.42s/model, Current Model=lr]Overall Training Progress:  40%|████      | 2/5 [00:05<00:07,  2.42s/model, Current Model=rf]2026-04-21 15:27:47 - INFO - Model rf selected threshold=0.163 (val recall=0.935, precision=0.322, meets_recall=True)
Overall Training Progress:  60%|██████    | 3/5 [00:08<00:05,  2.77s/model, Current Model=rf]Overall Training Progress:  60%|██████    | 3/5 [00:08<00:05,  2.77s/model, Current Model=svc]2026-04-21 15:27:50 - INFO - Model svc selected threshold=0.203 (val recall=0.903, precision=0.384, meets_recall=True)
Overall Training Progress:  80%|████████  | 4/5 [00:09<00:02,  2.34s/model, Current Model=svc]Overall Training Progress:  80%|████████  | 4/5 [00:09<00:02,  2.34s/model, Current Model=torch_mlp]2026-04-21 15:27:55 - INFO - Model torch_mlp selected threshold=0.104 (val recall=0.903, precision=0.364, meets_recall=True)
Overall Training Progress: 100%|██████████| 5/5 [00:15<00:00,  3.40s/model, Current Model=torch_mlp]Overall Training Progress: 100%|██████████| 5/5 [00:15<00:00,  3.03s/model, Current Model=torch_mlp]

==================================================
2026-04-21 15:27:57 - INFO - Benchmark complete! Summary and plots saved to /home/tivogatto/surgical-risk-prediction-SBM/outputs/studio_runs/20260421-152739-new-neurological-deficits/New neurological deficits
==================================================

